<?xml version="1.0" encoding="UTF-8"?>
<testng-results ignored="0" total="1" passed="1" failed="0" skipped="0">
  <reporter-output>
  </reporter-output>
  <suite started-at="2023-07-28T17:00:13 IST" name="Default suite" finished-at="2023-07-28T17:00:42 IST" duration-ms="28391">
    <groups>
    </groups>
    <test started-at="2023-07-28T17:00:13 IST" name="Default test" finished-at="2023-07-28T17:00:42 IST" duration-ms="28391">
      <class name="TEST_PKG.QAFOX_TestClass">
        <test-method is-config="true" signature="open_page()[pri:0, instance:TEST_PKG.QAFOX_TestClass@368247b9]" started-at="2023-07-28T17:00:13 IST" name="open_page" finished-at="2023-07-28T17:00:28 IST" duration-ms="14562" status="PASS">
          <reporter-output>
          </reporter-output>
        </test-method> <!-- open_page -->
        <test-method signature="Validate_Login_With_Valid_Credentials()[pri:1, instance:TEST_PKG.QAFOX_TestClass@368247b9]" started-at="2023-07-28T17:00:28 IST" name="Validate_Login_With_Valid_Credentials" finished-at="2023-07-28T17:00:42 IST" duration-ms="13762" status="PASS">
          <reporter-output>
          </reporter-output>
        </test-method> <!-- Validate_Login_With_Valid_Credentials -->
      </class> <!-- TEST_PKG.QAFOX_TestClass -->
    </test> <!-- Default test -->
  </suite> <!-- Default suite -->
</testng-results>
