<?xml version="1.0" encoding="UTF-8"?>
<testng-results ignored="0" total="1" passed="1" failed="0" skipped="0">
  <reporter-output>
  </reporter-output>
  <suite started-at="2023-07-28T18:40:13 IST" name="Default suite" finished-at="2023-07-28T18:40:28 IST" duration-ms="15236">
    <groups>
    </groups>
    <test started-at="2023-07-28T18:40:13 IST" name="Default test" finished-at="2023-07-28T18:40:28 IST" duration-ms="15236">
      <class name="TEST_PKG.QAFOX_TestClass">
        <test-method is-config="true" signature="open_page()[pri:0, instance:TEST_PKG.QAFOX_TestClass@1a6d8329]" started-at="2023-07-28T18:40:13 IST" name="open_page" finished-at="2023-07-28T18:40:27 IST" duration-ms="14213" status="PASS">
          <reporter-output>
          </reporter-output>
        </test-method> <!-- open_page -->
        <test-method signature="validate_login_with_valid_user_and_invalid_password()[pri:0, instance:TEST_PKG.QAFOX_TestClass@1a6d8329]" started-at="2023-07-28T18:40:27 IST" name="validate_login_with_valid_user_and_invalid_password" finished-at="2023-07-28T18:40:28 IST" duration-ms="897" status="PASS">
          <reporter-output>
          </reporter-output>
        </test-method> <!-- validate_login_with_valid_user_and_invalid_password -->
        <test-method is-config="true" signature="close_window()[pri:0, instance:TEST_PKG.QAFOX_TestClass@1a6d8329]" started-at="2023-07-28T18:40:28 IST" name="close_window" finished-at="2023-07-28T18:40:28 IST" duration-ms="56" status="PASS">
          <reporter-output>
          </reporter-output>
        </test-method> <!-- close_window -->
      </class> <!-- TEST_PKG.QAFOX_TestClass -->
    </test> <!-- Default test -->
  </suite> <!-- Default suite -->
</testng-results>
