<?xml version="1.0" encoding="UTF-8"?>
<!-- Generated by org.testng.reporters.JUnitXMLReporter -->
<testsuite ignored="1" hostname="DELL" failures="0" tests="1" name="Default test" time="31.229" errors="0" timestamp="2023-07-21T12:15:01 IST">
  <testcase classname="QAFOX_Project_TEST_PKG.TestClass" name="Login_and_validate_Camera" time="19.017"/>
  <testcase classname="QAFOX_Project_TEST_PKG.TestClass" name="Login_and_validate_components_Add_Item_To_Cart_and_try_checkout" time="0.0">
    <ignored/>
  </testcase> <!-- Login_and_validate_components_Add_Item_To_Cart_and_try_checkout -->
</testsuite> <!-- Default test -->
