<?xml version="1.0" encoding="UTF-8"?>
<!-- Generated by org.testng.reporters.JUnitXMLReporter -->
<testsuite ignored="2" hostname="DELL" failures="0" tests="1" name="Default test" time="15.236" errors="0" timestamp="2023-07-28T18:40:28 IST">
  <testcase classname="TEST_PKG.QAFOX_TestClass" name="validate_login_with_valid_user_and_invalid_password" time="0.897"/>
  <testcase classname="TEST_PKG.QAFOX_TestClass" name="Validate_Login_With_Valid_Credentials" time="0.0">
    <ignored/>
  </testcase> <!-- Validate_Login_With_Valid_Credentials -->
  <testcase classname="TEST_PKG.QAFOX_TestClass" name="Validate_login_with_Invalid_credentials" time="0.0">
    <ignored/>
  </testcase> <!-- Validate_login_with_Invalid_credentials -->
</testsuite> <!-- Default test -->
