<?xml version="1.0" encoding="UTF-8"?>
<!-- Generated by org.testng.reporters.JUnitXMLReporter -->
<testsuite ignored="1" hostname="DELL" failures="0" tests="1" name="Default test" time="37.625" errors="0" timestamp="2023-07-28T18:25:01 IST">
  <testcase classname="TEST_PKG.QAFOX_TestClass" name="Validate_Login_With_Valid_Credentials" time="24.822"/>
  <testcase classname="TEST_PKG.QAFOX_TestClass" name="Validate_login_with_Invalid_credentials" time="0.0">
    <ignored/>
  </testcase> <!-- Validate_login_with_Invalid_credentials -->
</testsuite> <!-- Default test -->
