<?xml version="1.0" encoding="UTF-8"?>
<!-- Generated by org.testng.reporters.JUnitXMLReporter -->
<testsuite ignored="0" hostname="DELL" failures="0" tests="3" name="Default test" time="0.091" errors="0" timestamp="2023-07-08T15:53:29 IST">
  <testcase classname="GithubTest.First_Test" name="test_Method1" time="0.007"/>
  <testcase classname="GithubTest.First_Test" name="test_Method2" time="0.002"/>
  <testcase classname="GithubTest.First_Test" name="test_Method3" time="0.003"/>
</testsuite> <!-- Default test -->
