<?xml version="1.0" encoding="UTF-8"?>
<testng-results ignored="0" total="1" passed="1" failed="0" skipped="0">
  <reporter-output>
  </reporter-output>
  <suite started-at="2023-07-25T11:32:41 IST" name="Default suite" finished-at="2023-07-25T11:32:51 IST" duration-ms="9461">
    <groups>
    </groups>
    <test started-at="2023-07-25T11:32:41 IST" name="Default test" finished-at="2023-07-25T11:32:51 IST" duration-ms="9461">
      <class name="QAFOX_Project_TEST_PKG.TestClass">
        <test-method is-config="true" signature="OpenLoginPage()[pri:0, instance:QAFOX_Project_TEST_PKG.TestClass@2af004b]" started-at="2023-07-25T11:32:42 IST" name="OpenLoginPage" finished-at="2023-07-25T11:32:49 IST" duration-ms="7093" status="PASS">
          <reporter-output>
          </reporter-output>
        </test-method> <!-- OpenLoginPage -->
        <test-method signature="Login_and_validate_components_Add_Item_To_Cart_and_try_checkout(java.lang.String,java.lang.String)[pri:0, instance:QAFOX_Project_TEST_PKG.TestClass@2af004b]" started-at="2023-07-25T11:32:49 IST" name="Login_and_validate_components_Add_Item_To_Cart_and_try_checkout" data-provider="logindata" finished-at="2023-07-25T11:32:51 IST" duration-ms="1368" status="PASS">
          <params>
            <param index="0">
              <value>
                <![CDATA[ztoh@gmail.com]]>
              </value>
            </param>
            <param index="1">
              <value>
                <![CDATA[ztoh_india]]>
              </value>
            </param>
          </params>
          <reporter-output>
          </reporter-output>
        </test-method> <!-- Login_and_validate_components_Add_Item_To_Cart_and_try_checkout -->
        <test-method is-config="true" signature="closewindow()[pri:0, instance:QAFOX_Project_TEST_PKG.TestClass@2af004b]" started-at="2023-07-25T11:32:51 IST" name="closewindow" finished-at="2023-07-25T11:32:51 IST" duration-ms="163" status="PASS">
          <reporter-output>
          </reporter-output>
        </test-method> <!-- closewindow -->
      </class> <!-- QAFOX_Project_TEST_PKG.TestClass -->
    </test> <!-- Default test -->
  </suite> <!-- Default suite -->
</testng-results>
