<?xml version="1.0" encoding="UTF-8"?>
<testng-results ignored="0" total="1" passed="1" failed="0" skipped="0">
  <reporter-output>
  </reporter-output>
  <suite started-at="2023-07-21T12:14:30 IST" name="Default suite" finished-at="2023-07-21T12:15:01 IST" duration-ms="31229">
    <groups>
    </groups>
    <test started-at="2023-07-21T12:14:30 IST" name="Default test" finished-at="2023-07-21T12:15:01 IST" duration-ms="31229">
      <class name="QAFOX_Project_TEST_PKG.TestClass">
        <test-method is-config="true" signature="OpenLoginPage()[pri:0, instance:QAFOX_Project_TEST_PKG.TestClass@248e319b]" started-at="2023-07-21T12:14:30 IST" name="OpenLoginPage" finished-at="2023-07-21T12:14:42 IST" duration-ms="11956" status="PASS">
          <reporter-output>
          </reporter-output>
        </test-method> <!-- OpenLoginPage -->
        <test-method signature="Login_and_validate_Camera()[pri:0, instance:QAFOX_Project_TEST_PKG.TestClass@248e319b]" started-at="2023-07-21T12:14:42 IST" name="Login_and_validate_Camera" finished-at="2023-07-21T12:15:01 IST" duration-ms="19017" status="PASS">
          <reporter-output>
          </reporter-output>
        </test-method> <!-- Login_and_validate_Camera -->
        <test-method is-config="true" signature="closewindow()[pri:0, instance:QAFOX_Project_TEST_PKG.TestClass@248e319b]" started-at="2023-07-21T12:15:01 IST" name="closewindow" finished-at="2023-07-21T12:15:01 IST" duration-ms="205" status="PASS">
          <reporter-output>
          </reporter-output>
        </test-method> <!-- closewindow -->
      </class> <!-- QAFOX_Project_TEST_PKG.TestClass -->
    </test> <!-- Default test -->
  </suite> <!-- Default suite -->
</testng-results>
