<?xml version="1.0" encoding="UTF-8"?>
<testng-results ignored="0" total="6" passed="6" failed="0" skipped="0">
  <reporter-output>
  </reporter-output>
  <suite started-at="2023-08-01T17:08:42 IST" name="extent_report" finished-at="2023-08-01T17:08:42 IST" duration-ms="103">
    <groups>
    </groups>
    <test started-at="2023-08-01T17:08:42 IST" name="report" finished-at="2023-08-01T17:08:42 IST" duration-ms="103">
      <class name="TestPage.Dashboard_Test">
        <test-method is-config="true" signature="bc()[pri:0, instance:TestPage.Dashboard_Test@202b0582]" started-at="2023-08-01T17:08:42 IST" name="bc" finished-at="2023-08-01T17:08:42 IST" duration-ms="1" status="PASS">
          <reporter-output>
          </reporter-output>
        </test-method> <!-- bc -->
        <test-method is-config="true" signature="bf(java.lang.reflect.Method)[pri:0, instance:TestPage.Dashboard_Test@202b0582]" started-at="2023-08-01T17:08:42 IST" name="bf" finished-at="2023-08-01T17:08:42 IST" duration-ms="1" status="PASS">
          <params>
            <param index="0">
              <value>
                <![CDATA[public void TestPage.Dashboard_Test.Valid_dashboard_admin()]]>
              </value>
            </param>
          </params>
          <reporter-output>
          </reporter-output>
        </test-method> <!-- bf -->
        <test-method signature="Valid_dashboard_admin()[pri:1, instance:TestPage.Dashboard_Test@202b0582]" started-at="2023-08-01T17:08:42 IST" name="Valid_dashboard_admin" finished-at="2023-08-01T17:08:42 IST" duration-ms="3" status="PASS">
          <reporter-output>
          </reporter-output>
        </test-method> <!-- Valid_dashboard_admin -->
        <test-method is-config="true" signature="bf(java.lang.reflect.Method)[pri:0, instance:TestPage.Dashboard_Test@202b0582]" started-at="2023-08-01T17:08:42 IST" name="bf" finished-at="2023-08-01T17:08:42 IST" duration-ms="1" status="PASS">
          <params>
            <param index="0">
              <value>
                <![CDATA[public void TestPage.Dashboard_Test.Valid_dashboard_time()]]>
              </value>
            </param>
          </params>
          <reporter-output>
          </reporter-output>
        </test-method> <!-- bf -->
        <test-method signature="Valid_dashboard_time()[pri:2, instance:TestPage.Dashboard_Test@202b0582]" started-at="2023-08-01T17:08:42 IST" name="Valid_dashboard_time" finished-at="2023-08-01T17:08:42 IST" duration-ms="1" status="PASS">
          <reporter-output>
          </reporter-output>
        </test-method> <!-- Valid_dashboard_time -->
        <test-method signature="Valid_dashboard_leave()[pri:3, instance:TestPage.Dashboard_Test@202b0582]" started-at="2023-08-01T17:08:42 IST" name="Valid_dashboard_leave" finished-at="2023-08-01T17:08:42 IST" duration-ms="2" status="PASS">
          <reporter-output>
          </reporter-output>
        </test-method> <!-- Valid_dashboard_leave -->
        <test-method is-config="true" signature="bf(java.lang.reflect.Method)[pri:0, instance:TestPage.Dashboard_Test@202b0582]" started-at="2023-08-01T17:08:42 IST" name="bf" finished-at="2023-08-01T17:08:42 IST" duration-ms="0" status="PASS">
          <params>
            <param index="0">
              <value>
                <![CDATA[public void TestPage.Dashboard_Test.Valid_dashboard_leave()]]>
              </value>
            </param>
          </params>
          <reporter-output>
          </reporter-output>
        </test-method> <!-- bf -->
      </class> <!-- TestPage.Dashboard_Test -->
      <class name="TestPage.LoginPage_Test">
        <test-method is-config="true" signature="Open_Extent_report()[pri:0, instance:TestPage.LoginPage_Test@793f29ff]" started-at="2023-08-01T17:08:42 IST" name="Open_Extent_report" finished-at="2023-08-01T17:08:42 IST" duration-ms="372" status="PASS">
          <reporter-output>
          </reporter-output>
        </test-method> <!-- Open_Extent_report -->
        <test-method is-config="true" signature="bc()[pri:0, instance:TestPage.LoginPage_Test@793f29ff]" started-at="2023-08-01T17:08:42 IST" name="bc" finished-at="2023-08-01T17:08:42 IST" duration-ms="10" status="PASS">
          <reporter-output>
          </reporter-output>
        </test-method> <!-- bc -->
        <test-method is-config="true" signature="bf(java.lang.reflect.Method)[pri:0, instance:TestPage.LoginPage_Test@793f29ff]" started-at="2023-08-01T17:08:42 IST" name="bf" finished-at="2023-08-01T17:08:42 IST" duration-ms="4" status="PASS">
          <params>
            <param index="0">
              <value>
                <![CDATA[public void TestPage.LoginPage_Test.Valid_user()]]>
              </value>
            </param>
          </params>
          <reporter-output>
          </reporter-output>
        </test-method> <!-- bf -->
        <test-method signature="Valid_user()[pri:1, instance:TestPage.LoginPage_Test@793f29ff]" started-at="2023-08-01T17:08:42 IST" name="Valid_user" finished-at="2023-08-01T17:08:42 IST" duration-ms="14" status="PASS">
          <reporter-output>
          </reporter-output>
        </test-method> <!-- Valid_user -->
        <test-method is-config="true" signature="bf(java.lang.reflect.Method)[pri:0, instance:TestPage.LoginPage_Test@793f29ff]" started-at="2023-08-01T17:08:42 IST" name="bf" finished-at="2023-08-01T17:08:42 IST" duration-ms="1" status="PASS">
          <params>
            <param index="0">
              <value>
                <![CDATA[public void TestPage.LoginPage_Test.Valid_pass()]]>
              </value>
            </param>
          </params>
          <reporter-output>
          </reporter-output>
        </test-method> <!-- bf -->
        <test-method signature="Valid_pass()[pri:2, instance:TestPage.LoginPage_Test@793f29ff]" started-at="2023-08-01T17:08:42 IST" name="Valid_pass" finished-at="2023-08-01T17:08:42 IST" duration-ms="2" status="PASS">
          <reporter-output>
          </reporter-output>
        </test-method> <!-- Valid_pass -->
        <test-method is-config="true" signature="bf(java.lang.reflect.Method)[pri:0, instance:TestPage.LoginPage_Test@793f29ff]" started-at="2023-08-01T17:08:42 IST" name="bf" finished-at="2023-08-01T17:08:42 IST" duration-ms="1" status="PASS">
          <params>
            <param index="0">
              <value>
                <![CDATA[public void TestPage.LoginPage_Test.click_login()]]>
              </value>
            </param>
          </params>
          <reporter-output>
          </reporter-output>
        </test-method> <!-- bf -->
        <test-method signature="click_login()[pri:3, instance:TestPage.LoginPage_Test@793f29ff]" started-at="2023-08-01T17:08:42 IST" name="click_login" finished-at="2023-08-01T17:08:42 IST" duration-ms="2" status="PASS">
          <reporter-output>
          </reporter-output>
        </test-method> <!-- click_login -->
        <test-method is-config="true" signature="save_data()[pri:0, instance:TestPage.LoginPage_Test@793f29ff]" started-at="2023-08-01T17:08:43 IST" name="save_data" finished-at="2023-08-01T17:08:43 IST" duration-ms="470" status="PASS">
          <reporter-output>
          </reporter-output>
        </test-method> <!-- save_data -->
      </class> <!-- TestPage.LoginPage_Test -->
    </test> <!-- report -->
  </suite> <!-- extent_report -->
</testng-results>
