<?xml version="1.0" encoding="UTF-8"?>
<!-- Generated by org.testng.reporters.JUnitXMLReporter -->
<testsuite ignored="2" hostname="DELL" failures="0" tests="6" name="report" time="0.095" errors="0" timestamp="2023-08-01T18:07:34 IST">
  <testcase classname="TestPage.LoginPage_Test" name="Valid_user" time="0.012"/>
  <testcase classname="TestPage.LoginPage_Test" name="Valid_pass" time="0.002"/>
  <testcase classname="TestPage.LoginPage_Test" name="click_login" time="0.002"/>
  <testcase classname="TestPage.Dashboard_Test" name="Valid_dashboard_admin" time="0.003"/>
  <testcase classname="TestPage.Dashboard_Test" name="Valid_dashboard_time" time="0.002"/>
  <testcase classname="TestPage.Dashboard_Test" name="Valid_dashboard_leave" time="0.001"/>
  <testcase classname="BasePage.BasePage_Driver" name="@AfterSuite save_data" time="0.0">
    <ignored/>
  </testcase> <!-- @AfterSuite save_data -->
  <testcase classname="BasePage.BasePage_Driver" name="@BeforeSuite Open_Extent_report" time="0.0">
    <ignored/>
  </testcase> <!-- @BeforeSuite Open_Extent_report -->
</testsuite> <!-- report -->
