<?xml version="1.0" encoding="UTF-8"?>
<!-- Generated by org.testng.reporters.JUnitXMLReporter -->
<testsuite ignored="2" hostname="DELL" failures="0" tests="7" name="report" time="49.27" errors="0" timestamp="2023-08-02T18:15:31 IST">
  <testcase classname="TEST_PKG.QAFOX_LoginPage_TestClass" name="Validate_Login_With_Valid_Credentials" time="3.792"/>
  <testcase classname="TEST_PKG.QAFOX_LoginPage_TestClass" name="Validate_login_with_Invalid_credentials" time="0.555"/>
  <testcase classname="TEST_PKG.QAFOX_LoginPage_TestClass" name="validate_login_with_valid_user_and_invalid_password" time="0.573"/>
  <testcase classname="TEST_PKG.QAFOX_LoginPage_TestClass" name="validate_login_with_invalid_user_and_valid_password" time="0.526"/>
  <testcase classname="TEST_PKG.QAFOX_LoginPage_TestClass" name="validate_login_empty_user_empty_password" time="0.486"/>
  <testcase classname="TEST_PKG.QAFOX_LoginPage_TestClass" name="Validate_login_with_valid_user_empty_password" time="0.502"/>
  <testcase classname="TEST_PKG.QAFOX_Dashboard_page_TestClass" name="validate_componenet_with_valid_credentials" time="4.543"/>
  <testcase classname="QAFOX_BasePKG.DriverClass" name="@AfterSuite Save_Data" time="0.0">
    <ignored/>
  </testcase> <!-- @AfterSuite Save_Data -->
  <testcase classname="QAFOX_BasePKG.DriverClass" name="@BeforeSuite bs" time="0.0">
    <ignored/>
  </testcase> <!-- @BeforeSuite bs -->
</testsuite> <!-- report -->
